<?xml version="1.0" encoding="UTF-8" ?>
<testsuite tests="2" failures="0" name="com.sheinfeld.cli.GithubCliApplicationTest" time="2.414" errors="0" skipped="0">
  <properties>
[...]
</properties>
  <testcase classname="com.sheinfeld.cli.GithubCliApplicationTest" name="givenRepoExists_whenReleasesInfoIsRetrieved_then200IsReceived" time="2.041"/>
  <testcase classname="com.sheinfeld.cli.GithubCliApplicationTest" name="givenRepoDoesNotExists_whenReleasesInfoIsRetrieved_then404IsReceived" time="0.373"/>
</testsuite>